<?xml version="1.0" encoding="UTF-8"?>
<!-- Generated by org.testng.reporters.JUnitReportReporter -->
<testsuite hostname="asda1772po02529" name="com.qainfotech.appium.FlipkartAutomation.TestClass" tests="1" failures="0" timestamp="6 Jul 2018 04:42:36 GMT" time="19.790" errors="0">
  <testcase name="Login" time="19.790" classname="com.qainfotech.appium.FlipkartAutomation.TestClass"/>
</testsuite> <!-- com.qainfotech.appium.FlipkartAutomation.TestClass -->
